<?xml version="1.0" encoding="UTF-8"?>
<!-- Generated by org.testng.reporters.JUnitXMLReporter -->
<testsuite hostname="BLRKEC103576L" ignored="0" name="Default test" tests="11" failures="0" timestamp="26 May 2019 21:44:09 GMT" time="58.794" errors="0">
  <testcase name="addAUser" time="1.692" classname="testExpense.BaseExpenseTest"/>
  <testcase name="addMyCategoryTypes" time="2.269" classname="testExpense.BaseExpenseTest"/>
  <testcase name="addMyCategoryTypes" time="1.426" classname="testExpense.BaseExpenseTest"/>
  <testcase name="addMyCategoryTypes" time="2.505" classname="testExpense.BaseExpenseTest"/>
  <testcase name="addMyCategoryTypes" time="5.844" classname="testExpense.BaseExpenseTest"/>
  <testcase name="addMyCategoryTypes" time="3.365" classname="testExpense.BaseExpenseTest"/>
  <testcase name="addMyExpenses" time="24.713" classname="testExpense.BaseExpenseTest"/>
  <testcase name="addMyExpenses" time="1.31" classname="testExpense.BaseExpenseTest"/>
  <testcase name="addMyExpenses" time="1.471" classname="testExpense.BaseExpenseTest"/>
  <testcase name="deleteMyCategory" time="3.457" classname="testExpense.BaseExpenseTest"/>
  <testcase name="deleteMyExpense" time="0.832" classname="testExpense.BaseExpenseTest"/>
</testsuite> <!-- Default test -->
